<?xml version="1.0" encoding="UTF-8"?>
<testsuite name="| 12345 | Password should be 5-15 length, atleast 1 number/1 alphabet |" tests="15" skipped="1" failures="2" errors="0" timestamp="2017-10-07T06:22:55" hostname="MYNB244-6074Z72" time="37.718">
  <properties/>
  <testcase name="Given user is on application homepage" classname="| 12345 | Password should be 5-15 length, atleast 1 number/1 alphabet |" time="0.0"/>
  <testcase name="When user clicks on login icon" classname="| 12345 | Password should be 5-15 length, atleast 1 number/1 alphabet |" time="0.0"/>
  <testcase name="And user wait for few seconds" classname="| 12345 | Password should be 5-15 length, atleast 1 number/1 alphabet |" time="0.0"/>
  <testcase name="Then user should see &quot;My Orders&quot;" classname="| 12345 | Password should be 5-15 length, atleast 1 number/1 alphabet |" time="0.0"/>
  <testcase name="When user click on create a new account button1" classname="| 12345 | Password should be 5-15 length, atleast 1 number/1 alphabet |" time="0.0"/>
  <testcase name="And user wait for few seconds" classname="| 12345 | Password should be 5-15 length, atleast 1 number/1 alphabet |" time="0.001"/>
  <testcase name="And user hide keyboard" classname="| 12345 | Password should be 5-15 length, atleast 1 number/1 alphabet |" time="0.0"/>
  <testcase name="When user enters mobile number &quot;9290927170&quot;" classname="| 12345 | Password should be 5-15 length, atleast 1 number/1 alphabet |" time="0.0"/>
  <testcase name="When user enters password &quot;12345&quot;" classname="| 12345 | Password should be 5-15 length, atleast 1 number/1 alphabet |" time="0.001"/>
  <testcase name="And user hide keyboard" classname="| 12345 | Password should be 5-15 length, atleast 1 number/1 alphabet |" time="0.0"/>
  <testcase name="And user click on create new account button2" classname="| 12345 | Password should be 5-15 length, atleast 1 number/1 alphabet |" time="0.0"/>
  <testcase name="And user wait for few seconds" classname="| 12345 | Password should be 5-15 length, atleast 1 number/1 alphabet |" time="0.0"/>
  <testcase name="Then The validation message should be &quot;Password should be 5-15 length, atleast 1 number/1 alphabet&quot;" classname="| 12345 | Password should be 5-15 length, atleast 1 number/1 alphabet |" time="0.0">
    <failure message="org.junit.ComparisonFailure: expected:&lt;[Password should be 5-15 length, atleast 1 number/1 alphabet]&gt; but was:&lt;[Such common passwords are not allowed.]&gt;" type="org.junit.ComparisonFailure">org.junit.ComparisonFailure: expected:&lt;[Password should be 5-15 length, atleast 1 number/1 alphabet]&gt; but was:&lt;[Such common passwords are not allowed.]&gt;
	at org.junit.Assert.assertEquals(Assert.java:115)
	at org.junit.Assert.assertEquals(Assert.java:144)
	at pageObjects.Signup_pageobjects.checkCustomDialogBoxValidation(Signup_pageobjects.java:101)
	at stepDefinitions.SignUp_stepdefs.should_show_validation(SignUp_stepdefs.java:71)
	at ✽.Then The validation message should be &quot;Password should be 5-15 length, atleast 1 number/1 alphabet&quot;(Signup.feature:42)
</failure>
  </testcase>
  <testcase name="And user click Ok button" classname="| 12345 | Password should be 5-15 length, atleast 1 number/1 alphabet |" time="0.0">
    <skipped/>
  </testcase>
  <testcase name="classMethod" classname="| 12345 | Password should be 5-15 length, atleast 1 number/1 alphabet |" time="69.103">
    <failure message="org.junit.ComparisonFailure: expected:&lt;[Password should be 5-15 length, atleast 1 number/1 alphabet]&gt; but was:&lt;[Such common passwords are not allowed.]&gt;" type="org.junit.ComparisonFailure">org.junit.ComparisonFailure: expected:&lt;[Password should be 5-15 length, atleast 1 number/1 alphabet]&gt; but was:&lt;[Such common passwords are not allowed.]&gt;
	at org.junit.Assert.assertEquals(Assert.java:115)
	at org.junit.Assert.assertEquals(Assert.java:144)
	at pageObjects.Signup_pageobjects.checkCustomDialogBoxValidation(Signup_pageobjects.java:101)
	at stepDefinitions.SignUp_stepdefs.should_show_validation(SignUp_stepdefs.java:71)
	at ✽.Then The validation message should be &quot;Password should be 5-15 length, atleast 1 number/1 alphabet&quot;(Signup.feature:42)
</failure>
  </testcase>
  <system-out><![CDATA[[Appium] Welcome to Appium v1.7.1
[Appium] Appium REST http interface listener started on 0.0.0.0:4723
[HTTP] --> GET /wd/hub/status {}
[debug] [MJSONWP] Calling AppiumDriver.getStatus() with args: []
[debug] [MJSONWP] Responding to client with driver.getStatus() result: {"build":{"version":"1.7.1","revision":null}}
[HTTP] <-- GET /wd/hub/status 200 50 ms - 83 
[HTTP] --> GET /wd/hub/status {}
[debug] [MJSONWP] Calling AppiumDriver.getStatus() with args: []
[debug] [MJSONWP] Responding to client with driver.getStatus() result: {"build":{"version":"1.7.1","revision":null}}
[HTTP] <-- GET /wd/hub/status 200 44 ms - 83 
[HTTP] --> POST /wd/hub/session {"desiredCapabilities":{"app":"E:\\Documents\\workspace\\Paytm\\apk\\Paytm-net.one97.paytm-123-v6.0.0.apk","appPackage":"net.one97.paytm","appActivity":"net.one97.paytm.landingpage.activity.AJRMainActivity","noReset":true,"platformVersion":"7.1.1","browserName":"","platformName":"Android","deviceName":"Emulator","fullReset":false},"requiredCapabilities":{},"capabilities":{"desiredCapabilities":{"app":"E:\\Documents\\workspace\\Paytm\\apk\\Paytm-net.one97.paytm-123-v6.0.0.apk","appPackage":"net.one97.paytm","appActivity":"net.one97.paytm.landingpage.activity.AJRMainActivity","noReset":true,"platformVersion":"7.1.1","browserName":"","platformName":"Android","deviceName":"Emulator","fullReset":false},"requiredCapabilities":{},"alwaysMatch":{"browserName":"","platformName":"Android"},"firstMatch":[]}}
[debug] [MJSONWP] Calling AppiumDriver.createSession() with args: [{"app":"E:\\Documents\\workspace\\Paytm\\apk\\Paytm-net.one97.paytm-123-v6.0.0.apk","appPackage":"net.one97.paytm","appActivity":"net.one97.paytm.landingpage.activity.AJRMainActivity","noReset":true,"platformVersion":"7.1.1","browserName":"","platformName":"Android","deviceName":"Emulator","fullReset":false},{},{"desiredCapabilities":{"app":"E:\\Documents\\workspace\\Paytm\\apk\\Paytm-net.one97.paytm-123-v6.0.0.apk","appPackage":"net.one97.paytm","appActivity":"net.one97.paytm.landingpage.activity.AJRMainActivity","noReset":true,"platformVersion":"7.1.1","browserName":"","platformName":"Android","deviceName":"Emulator","fullReset":false},"requiredCapabilities":{},"alwaysMatch":{"browserName":"","platformName":"Android"},"firstMatch":[]}]
[debug] [BaseDriver] Event 'newSessionRequested' logged at 1507357353453 (14:22:33 GMT+0800 (Malay Peninsula Standard Time))
[Appium] Creating new AndroidDriver (v1.28.1) session
[Appium] Capabilities:
[Appium]   app: 'E:\\Documents\\workspace\\Paytm\\apk\\Paytm-net.one97.paytm-123-v6.0.0.apk'
[Appium]   appPackage: 'net.one97.paytm'
[Appium]   appActivity: 'net.one97.paytm.landingpage.activity.AJRMainActivity'
[Appium]   noReset: true
[Appium]   platformVersion: '7.1.1'
[Appium]   browserName: ''
[Appium]   platformName: 'Android'
[Appium]   deviceName: 'Emulator'
[Appium]   fullReset: false
[BaseDriver] Session created with session id: 505dc4d9-7162-4cc6-baad-1fb5211c87e0
[debug] [AndroidDriver] Getting Java version
[AndroidDriver] Java version is: 1.8.0_144
[ADB] Checking whether adb is present
[ADB] Using adb.exe from E:\Android\android-sdk-windows\platform-tools\adb.exe
[AndroidDriver] Retrieving device list
[debug] [ADB] Trying to find a connected android device
[debug] [ADB] Getting connected devices...
[debug] [ADB] 1 device(s) connected
[AndroidDriver] Looking for a device with Android '7.1.1'
[debug] [ADB] Setting device id to emulator-5554
[ADB] Getting device platform version
[debug] [ADB] Getting connected devices...
[debug] [ADB] 1 device(s) connected
[debug] [ADB] Running 'E:\Android\android-sdk-windows\platform-tools\adb.exe' with args: ["-P",5037,"-s","emulator-5554","shell","getprop","ro.build.version.release"]
[debug] [ADB] Current device property 'ro.build.version.release': 7.1.1
[AndroidDriver] Using device: emulator-5554
[ADB] Checking whether adb is present
[ADB] Using adb.exe from E:\Android\android-sdk-windows\platform-tools\adb.exe
[debug] [ADB] Setting device id to emulator-5554
[BaseDriver] Using local app 'E:\Documents\workspace\Paytm\apk\Paytm-net.one97.paytm-123-v6.0.0.apk'
[debug] [AndroidDriver] Checking whether app is actually present
[AndroidDriver] Starting Android session
[debug] [ADB] Running 'E:\Android\android-sdk-windows\platform-tools\adb.exe' with args: ["-P",5037,"-s","emulator-5554","wait-for-device"]
[debug] [ADB] Getting connected devices...
[debug] [ADB] 1 device(s) connected
[debug] [ADB] Running 'E:\Android\android-sdk-windows\platform-tools\adb.exe' with args: ["-P",5037,"-s","emulator-5554","shell","echo","ping"]
[debug] [Logcat] Starting logcat capture
[debug] [AndroidDriver] Pushing settings apk to device...
[debug] [ADB] Uninstalling and re-installing 'io.appium.settings'
[debug] [ADB] Uninstalling io.appium.settings
[debug] [ADB] Getting install status for io.appium.settings
[debug] [ADB] Getting connected devices...
[debug] [ADB] 1 device(s) connected
[debug] [ADB] Running 'E:\Android\android-sdk-windows\platform-tools\adb.exe' with args: ["-P",5037,"-s","emulator-5554","shell","pm","list","packages","io.appium.settings"]
[debug] [ADB] App is installed
[debug] [ADB] Getting connected devices...
[debug] [ADB] 1 device(s) connected
[debug] [ADB] Running 'E:\Android\android-sdk-windows\platform-tools\adb.exe' with args: ["-P",5037,"-s","emulator-5554","shell","am","force-stop","io.appium.settings"]
[debug] [ADB] Running 'E:\Android\android-sdk-windows\platform-tools\adb.exe' with args: ["-P",5037,"-s","emulator-5554","uninstall","io.appium.settings"]
[debug] [ADB] ADB command output: Success
[ADB] io.appium.settings was successfully uninstalled
[debug] [ADB] Getting install status for io.appium.settings
[debug] [ADB] Getting connected devices...
[debug] [ADB] 1 device(s) connected
[debug] [ADB] Running 'E:\Android\android-sdk-windows\platform-tools\adb.exe' with args: ["-P",5037,"-s","emulator-5554","shell","pm","list","packages","io.appium.settings"]
[debug] [ADB] App is not installed
[debug] [ADB] App 'C:\Users\vinayak\AppData\Roaming\npm\node_modules\appium\node_modules\io.appium.settings\app\build\outputs\apk\settings_apk-debug.apk' not installed. Installing
[debug] [ADB] Running 'E:\Android\android-sdk-windows\platform-tools\adb.exe' with args: ["-P",5037,"-s","emulator-5554","install","C:\\Users\\vinayak\\AppData\\Roaming\\npm\\node_modules\\appium\\node_modules\\io.appium.settings\\app\\build\\outputs\\apk\\settings_apk-debug.apk"]
[debug] [ADB] Getting connected devices...
[debug] [ADB] 1 device(s) connected
[debug] [ADB] Running 'E:\Android\android-sdk-windows\platform-tools\adb.exe' with args: ["-P",5037,"-s","emulator-5554","shell","getprop","ro.build.version.sdk"]
[debug] [ADB] Current device property 'ro.build.version.sdk': 25
[debug] [ADB] Device API level: 25
[debug] [ADB] Getting connected devices...
[debug] [ADB] 1 device(s) connected
[debug] [ADB] Running 'E:\Android\android-sdk-windows\platform-tools\adb.exe' with args: ["-P",5037,"-s","emulator-5554","shell","dumpsys","package","io.appium.settings"]
[debug] [ADB] Getting connected devices...
[debug] [ADB] 1 device(s) connected
[debug] [ADB] Running 'E:\Android\android-sdk-windows\platform-tools\adb.exe' with args: ["-P",5037,"-s","emulator-5554","shell","pm","dump","io.appium.settings"]
[debug] [ADB] Got the following command chunks to execute: pm,grant,io.appium.settings,android.permission.READ_PHONE_STATE,;,pm,grant,io.appium.settings,android.permission.WRITE_SETTINGS,;,pm,grant,io.appium.settings,android.permission.ACCESS_FINE_LOCATION,;,pm,grant,io.appium.settings,android.permission.ACCESS_COARSE_LOCATION,;,pm,grant,io.appium.settings,android.permission.ACCESS_MOCK_LOCATION,;,pm,grant,io.appium.settings,android.permission.SET_ANIMATION_SCALE,;
[debug] [ADB] Getting connected devices...
[debug] [ADB] 1 device(s) connected
[debug] [ADB] Running 'E:\Android\android-sdk-windows\platform-tools\adb.exe' with args: ["-P",5037,"-s","emulator-5554","shell","pm","grant","io.appium.settings","android.permission.READ_PHONE_STATE",";","pm","grant","io.appium.settings","android.permission.WRITE_SETTINGS",";","pm","grant","io.appium.settings","android.permission.ACCESS_FINE_LOCATION",";","pm","grant","io.appium.settings","android.permission.ACCESS_COARSE_LOCATION",";","pm","grant","io.appium.settings","android.permission.ACCESS_MOCK_LOCATION",";","pm","grant","io.appium.settings","android.permission.SET_ANIMATION_SCALE",";"]
[debug] [ADB] Getting connected devices...
[debug] [ADB] 1 device(s) connected
[debug] [ADB] Running 'E:\Android\android-sdk-windows\platform-tools\adb.exe' with args: ["-P",5037,"-s","emulator-5554","shell","ps"]
[debug] [ADB] Device API level: 25
[debug] [ADB] Getting connected devices...
[debug] [ADB] 1 device(s) connected
[debug] [ADB] Running 'E:\Android\android-sdk-windows\platform-tools\adb.exe' with args: ["-P",5037,"-s","emulator-5554","shell","am","start","-W","-n","io.appium.settings/.Settings","-a","android.intent.action.MAIN","-c","android.intent.category.LAUNCHER","-f","0x10200000"]
[debug] [ADB] Device API level: 25
[debug] [ADB] Getting connected devices...
[debug] [ADB] 1 device(s) connected
[debug] [ADB] Running 'E:\Android\android-sdk-windows\platform-tools\adb.exe' with args: ["-P",5037,"-s","emulator-5554","shell","appops","set","io.appium.settings","android:mock_location","allow"]
[debug] [AndroidDriver] Pushing unlock helper app to device...
[debug] [ADB] Running 'E:\Android\android-sdk-windows\platform-tools\adb.exe' with args: ["-P",5037,"-s","emulator-5554","install","C:\\Users\\vinayak\\AppData\\Roaming\\npm\\node_modules\\appium\\node_modules\\appium-unlock\\bin\\unlock_apk-debug.apk"]
[debug] [ADB] Running 'E:\Android\android-sdk-windows\platform-tools\adb.exe' with args: ["-P",5037,"-s","emulator-5554","install","C:\\Users\\vinayak\\AppData\\Roaming\\npm\\node_modules\\appium\\node_modules\\appium-unlock\\bin\\unlock_apk-debug.apk"]
[debug] [ADB] Application 'C:\Users\vinayak\AppData\Roaming\npm\node_modules\appium\node_modules\appium-unlock\bin\unlock_apk-debug.apk' already installed. Continuing.
[ADB] Getting device platform version
[debug] [ADB] Getting connected devices...
[debug] [ADB] 1 device(s) connected
[debug] [ADB] Running 'E:\Android\android-sdk-windows\platform-tools\adb.exe' with args: ["-P",5037,"-s","emulator-5554","shell","getprop","ro.build.version.release"]
[debug] [ADB] Current device property 'ro.build.version.release': 7.1.1
[debug] [ADB] Getting connected devices...
[debug] [ADB] 1 device(s) connected
[debug] [ADB] Running 'E:\Android\android-sdk-windows\platform-tools\adb.exe' with args: ["-P",5037,"-s","emulator-5554","shell","wm","size"]
[debug] [ADB] Getting connected devices...
[debug] [ADB] 1 device(s) connected
[debug] [ADB] Running 'E:\Android\android-sdk-windows\platform-tools\adb.exe' with args: ["-P",5037,"-s","emulator-5554","shell","getprop","ro.product.model"]
[debug] [ADB] Current device property 'ro.product.model': Android SDK built for x86
[debug] [ADB] Getting connected devices...
[debug] [ADB] 1 device(s) connected
[debug] [ADB] Running 'E:\Android\android-sdk-windows\platform-tools\adb.exe' with args: ["-P",5037,"-s","emulator-5554","shell","getprop","ro.product.manufacturer"]
[debug] [ADB] Current device property 'ro.product.manufacturer': unknown
[AndroidDriver] Remote apk path is /data/local/tmp/336c5c171fb15925aa6266acba19e015.apk
[debug] [ADB] Getting connected devices...
[debug] [ADB] 1 device(s) connected
[debug] [ADB] Running 'E:\Android\android-sdk-windows\platform-tools\adb.exe' with args: ["-P",5037,"-s","emulator-5554","shell","ls","/data/local/tmp/336c5c171fb15925aa6266acba19e015.apk"]
[debug] [AndroidDriver] Checking if app is installed
[debug] [ADB] Getting install status for net.one97.paytm
[debug] [ADB] Getting connected devices...
[debug] [ADB] 1 device(s) connected
[debug] [ADB] Running 'E:\Android\android-sdk-windows\platform-tools\adb.exe' with args: ["-P",5037,"-s","emulator-5554","shell","pm","list","packages","net.one97.paytm"]
[debug] [ADB] App is installed
[debug] [AndroidDriver] Extracting strings from apk E:\Documents\workspace\Paytm\apk\Paytm-net.one97.paytm-123-v6.0.0.apk null C:\Users\vinayak\AppData\Local\Temp\net.one97.paytm
[debug] [ADB] Extracting strings for language: default
[debug] [ADB] Device API level: 25
[debug] [ADB] Getting connected devices...
[debug] [ADB] 1 device(s) connected
[debug] [ADB] Running 'E:\Android\android-sdk-windows\platform-tools\adb.exe' with args: ["-P",5037,"-s","emulator-5554","shell","getprop","persist.sys.locale"]
[debug] [ADB] Current device property 'persist.sys.locale': 
[debug] [ADB] Getting connected devices...
[debug] [ADB] 1 device(s) connected
[debug] [ADB] Running 'E:\Android\android-sdk-windows\platform-tools\adb.exe' with args: ["-P",5037,"-s","emulator-5554","shell","getprop","ro.product.locale"]
[debug] [ADB] Current device property 'ro.product.locale': en-US
[debug] [ADB] No strings.xml for language 'en', getting default strings.xml
[debug] [ADB] Reading strings from converted strings.json
[debug] [ADB] Running 'E:\Android\android-sdk-windows\platform-tools\adb.exe' with args: ["-P",5037,"-s","emulator-5554","push","C:\\Users\\vinayak\\AppData\\Local\\Temp\\net.one97.paytm\\strings.json","/data/local/tmp"]
[debug] [AndroidBootstrap] Watching for bootstrap disconnect
[debug] [ADB] Forwarding system: 4724 to device: 4724
[debug] [ADB] Running 'E:\Android\android-sdk-windows\platform-tools\adb.exe' with args: ["-P",5037,"-s","emulator-5554","forward","tcp:4724","tcp:4724"]
[debug] [UiAutomator] Starting UiAutomator
[debug] [UiAutomator] Moving to state 'starting'
[debug] [UiAutomator] Parsing uiautomator jar
[debug] [UiAutomator] Found jar name: 'AppiumBootstrap.jar'
[debug] [ADB] Running 'E:\Android\android-sdk-windows\platform-tools\adb.exe' with args: ["-P",5037,"-s","emulator-5554","push","C:\\Users\\vinayak\\AppData\\Roaming\\npm\\node_modules\\appium\\node_modules\\appium-android-bootstrap\\bootstrap\\bin\\AppiumBootstrap.jar","/data/local/tmp/"]
[debug] [ADB] Attempting to kill all uiautomator processes
[debug] [ADB] Getting all processes with uiautomator
[debug] [ADB] Getting connected devices...
[debug] [ADB] 1 device(s) connected
[debug] [ADB] Running 'E:\Android\android-sdk-windows\platform-tools\adb.exe' with args: ["-P",5037,"-s","emulator-5554","shell","ps"]
[ADB] No uiautomator process found to kill, continuing...
[debug] [UiAutomator] Starting UIAutomator
[debug] [ADB] Creating ADB subprocess with args: ["-P",5037,"-s","emulator-5554","shell","uiautomator","runtest","AppiumBootstrap.jar","-c","io.appium.android.bootstrap.Bootstrap","-e","pkg","net.one97.paytm","-e","disableAndroidWatchers",false,"-e","acceptSslCerts",false]
[debug] [UiAutomator] Moving to state 'online'
[AndroidBootstrap] Android bootstrap socket is now connected
[debug] [ADB] Getting connected devices...
[debug] [ADB] 1 device(s) connected
[debug] [ADB] Running 'E:\Android\android-sdk-windows\platform-tools\adb.exe' with args: ["-P",5037,"-s","emulator-5554","shell","dumpsys","window"]
[debug] [AndroidBootstrap] [BOOTSTRAP LOG] [debug] json loading complete.
[debug] [AndroidBootstrap] [BOOTSTRAP LOG] [debug] Registered crash watchers.
[debug] [AndroidBootstrap] [BOOTSTRAP LOG] [debug] Client connected
[AndroidDriver] Screen already unlocked, doing nothing
[debug] [ADB] Device API level: 25
[debug] [ADB] Getting connected devices...
[debug] [ADB] 1 device(s) connected
[debug] [ADB] Running 'E:\Android\android-sdk-windows\platform-tools\adb.exe' with args: ["-P",5037,"-s","emulator-5554","shell","am","start","-W","-n","net.one97.paytm/net.one97.paytm.landingpage.activity.AJRMainActivity","-S","-a","android.intent.action.MAIN","-c","android.intent.category.LAUNCHER","-f","0x10200000"]
[Appium] New AndroidDriver session created successfully, session 505dc4d9-7162-4cc6-baad-1fb5211c87e0 added to master session list
[debug] [BaseDriver] Event 'newSessionStarted' logged at 1507357373502 (14:22:53 GMT+0800 (Malay Peninsula Standard Time))
[debug] [MJSONWP] Responding to client with driver.createSession() result: {"platform":"LINUX","webStorageEnabled":false,"takesScreenshot":true,"javascriptEnabled":true,"databaseEnabled":false,"networkConnectionEnabled":true,"locationContextEnabled":false,"warnings":{},"desired":{"app":"E:\\Documents\\workspace\\Paytm\\apk\\Paytm-net.one97.paytm-123-v6.0.0.apk","appPackage":"net.one97.paytm","appActivity":"net.one97.paytm.landingpage.activity.AJRMainActivity","noReset":true,"platformVersion":"7.1.1","browserName":"","platformName":"Android","deviceName":"Emulator","fullReset":false},"app":"E:\\Documents\\workspace\\Paytm\\apk\\Paytm-net.one97.paytm-123-v6.0.0.apk","appPackage":"net.one97.paytm","appActivity":"net.one97.paytm.landingpage.activity.AJRMainActivity","noReset":true,"platformVersion":"7.1.1","browserName":"","platformName":"Android","deviceName":"emulator-5554","fullReset":false,"deviceUDID":"emulator-5554","deviceScreenSize":"1440x2560","deviceModel":"Android SDK built for x86","deviceManufacturer":"unknown"}
[HTTP] <-- POST /wd/hub/session 200 20055 ms - 1033 
[HTTP] --> GET /wd/hub/session/505dc4d9-7162-4cc6-baad-1fb5211c87e0 {}
[debug] [MJSONWP] Calling AppiumDriver.getSession() with args: ["505dc4d9-7162-4cc6-baad-1fb5211c87e0"]
[debug] [MJSONWP] Responding to client with driver.getSession() result: {"platform":"LINUX","webStorageEnabled":false,"takesScreenshot":true,"javascriptEnabled":true,"databaseEnabled":false,"networkConnectionEnabled":true,"locationContextEnabled":false,"warnings":{},"desired":{"app":"E:\\Documents\\workspace\\Paytm\\apk\\Paytm-net.one97.paytm-123-v6.0.0.apk","appPackage":"net.one97.paytm","appActivity":"net.one97.paytm.landingpage.activity.AJRMainActivity","noReset":true,"platformVersion":"7.1.1","browserName":"","platformName":"Android","deviceName":"Emulator","fullReset":false},"app":"E:\\Documents\\workspace\\Paytm\\apk\\Paytm-net.one97.paytm-123-v6.0.0.apk","appPackage":"net.one97.paytm","appActivity":"net.one97.paytm.landingpage.activity.AJRMainActivity","noReset":true,"platformVersion":"7.1.1","browserName":"","platformName":"Android","deviceName":"emulator-5554","fullReset":false,"deviceUDID":"emulator-5554","deviceScreenSize":"1440x2560","deviceModel":"Android SDK built for x86","deviceManufacturer":"unknown"}
[HTTP] <-- GET /wd/hub/session/505dc4d9-7162-4cc6-baad-1fb5211c87e0 200 8 ms - 1033 
[HTTP] --> GET /wd/hub/session/505dc4d9-7162-4cc6-baad-1fb5211c87e0 {}
[debug] [MJSONWP] Calling AppiumDriver.getSession() with args: ["505dc4d9-7162-4cc6-baad-1fb5211c87e0"]
[debug] [MJSONWP] Responding to client with driver.getSession() result: {"platform":"LINUX","webStorageEnabled":false,"takesScreenshot":true,"javascriptEnabled":true,"databaseEnabled":false,"networkConnectionEnabled":true,"locationContextEnabled":false,"warnings":{},"desired":{"app":"E:\\Documents\\workspace\\Paytm\\apk\\Paytm-net.one97.paytm-123-v6.0.0.apk","appPackage":"net.one97.paytm","appActivity":"net.one97.paytm.landingpage.activity.AJRMainActivity","noReset":true,"platformVersion":"7.1.1","browserName":"","platformName":"Android","deviceName":"Emulator","fullReset":false},"app":"E:\\Documents\\workspace\\Paytm\\apk\\Paytm-net.one97.paytm-123-v6.0.0.apk","appPackage":"net.one97.paytm","appActivity":"net.one97.paytm.landingpage.activity.AJRMainActivity","noReset":true,"platformVersion":"7.1.1","browserName":"","platformName":"Android","deviceName":"emulator-5554","fullReset":false,"deviceUDID":"emulator-5554","deviceScreenSize":"1440x2560","deviceModel":"Android SDK built for x86","deviceManufacturer":"unknown"}
[HTTP] <-- GET /wd/hub/session/505dc4d9-7162-4cc6-baad-1fb5211c87e0 200 2 ms - 1033 
[HTTP] --> POST /wd/hub/session/505dc4d9-7162-4cc6-baad-1fb5211c87e0/timeouts {"type":"implicit","ms":10000}
[debug] [MJSONWP] Calling AppiumDriver.timeouts() with args: ["implicit",10000,"505dc4d9-7162-4cc6-baad-1fb5211c87e0"]
[debug] [BaseDriver] Set implicit wait to 10000ms
[debug] [MJSONWP] Responding to client with driver.timeouts() result: null
[HTTP] <-- POST /wd/hub/session/505dc4d9-7162-4cc6-baad-1fb5211c87e0/timeouts 200 4 ms - 76 

  @smoke @register
  Scenario Outline: check validation message for Invalid Password                  ?[90m# Signup.feature:47?[0m
    ?[32mWhen ?[0m?[32muser enters mobile number "?[0m?[32m?[1m9290927170?[0m?[32m"?[0m                                    ?[90m# SignUp_stepdefs.user_enters_mobile_number(String)?[0m
    ?[32mWhen ?[0m?[32muser enters password "?[0m?[32m?[1mabcde?[0m?[32m"?[0m                                              ?[90m# SignUp_stepdefs.user_enters_password(String)?[0m
    ?[32mAnd ?[0m?[32muser hide keyboard?[0m                                                         ?[90m# Predefined_stepDefs.user_hide_keyboard()?[0m
    ?[32mAnd ?[0m?[32muser click on create new account button2?[0m                                   ?[90m# SignUp_stepdefs.user_click_on_create_new_account()?[0m
    ?[32mAnd ?[0m?[32muser wait for few seconds?[0m                                                  ?[90m# Predefined_stepDefs.user_should_wait_for_fewseconds()?[0m
    ?[31mThen ?[0m?[31mThe validation message should be "?[0m?[31m?[1mSuch common passwords are not allowed.?[0m?[31m"?[0m ?[90m# SignUp_stepdefs.should_show_validation(String)?[0m
      ?[31morg.openqa.selenium.NoSuchElementException: Can't locate an element by this strategy: Locator map: 
      - native content: "By.chained({By.id: net.one97.paytm:id/w_custom_dialog_message})" 
      - html content: "by id or name "custom_dialog_validation""
      	at io.appium.java_client.pagefactory.AppiumElementLocator.findElement(AppiumElementLocator.java:119)
      	at io.appium.java_client.pagefactory.interceptors.InterceptorOfASingleElement.intercept(InterceptorOfASingleElement.java:61)
      	at io.appium.java_client.android.AndroidElement$$EnhancerByCGLIB$$c0b591f0.getText(<generated>)
      	at pageObjects.Signup_pageobjects.checkCustomDialogBoxValidation(Signup_pageobjects.java:101)
      	at stepDefinitions.SignUp_stepdefs.should_show_validation(SignUp_stepdefs.java:71)
      	at ?.Then The validation message should be "Such common passwords are not allowed."(Signup.feature:42)
      Caused by: org.openqa.selenium.TimeoutException: Expected condition failed: waiting for io.appium.java_client.pagefactory.AppiumElementLocator$WaitingFunction@2b786275 (tried for 1 second(s) with 500 MILLISECONDS interval)
      	at org.openqa.selenium.support.ui.FluentWait.timeoutException(FluentWait.java:264)
      	at org.openqa.selenium.support.ui.FluentWait.until(FluentWait.java:232)
      	at io.appium.java_client.pagefactory.AppiumElementLocator.waitFor(AppiumElementLocator.java:91)
      	at io.appium.java_client.pagefactory.AppiumElementLocator.findElement(AppiumElementLocator.java:112)
      	at io.appium.java_client.pagefactory.interceptors.InterceptorOfASingleElement.intercept(InterceptorOfASingleElement.java:61)
      	at io.appium.java_client.android.AndroidElement$$EnhancerByCGLIB$$c0b591f0.getText(<generated>)
      	at pageObjects.Signup_pageobjects.checkCustomDialogBoxValidation(Signup_pageobjects.java:101)
      	at stepDefinitions.SignUp_stepdefs.should_show_validation(SignUp_stepdefs.java:71)
      	at sun.reflect.NativeMethodAccessorImpl.invoke0(Native Method)
      	at sun.reflect.NativeMethodAccessorImpl.invoke(NativeMethodAccessorImpl.java:62)
      	at sun.reflect.DelegatingMethodAccessorImpl.invoke(DelegatingMethodAccessorImpl.java:43)
      	at java.lang.reflect.Method.invoke(Method.java:498)
      	at cucumber.runtime.Utils$1.call(Utils.java:40)
      	at cucumber.runtime.Timeout.timeout(Timeout.java:16)
      	at cucumber.runtime.Utils.invoke(Utils.java:34)
      	at cucumber.runtime.java.JavaStepDefinition.execute(JavaStepDefinition.java:38)
      	at cucumber.runtime.StepDefinitionMatch.runStep(StepDefinitionMatch.java:37)
      	at cucumber.runtime.Runtime.runStep(Runtime.java:300)
      	at cucumber.runtime.model.StepContainer.runStep(StepContainer.java:44)
      	at cucumber.runtime.model.StepContainer.runSteps(StepContainer.java:39)
      	at cucumber.runtime.model.CucumberScenario.run(CucumberScenario.java:44)
      	at cucumber.runtime.junit.ExecutionUnitRunner.run(ExecutionUnitRunner.java:102)
      	at org.junit.runners.Suite.runChild(Suite.java:128)
      	at org.junit.runners.Suite.runChild(Suite.java:27)
      	at org.junit.runners.ParentRunner$3.run(ParentRunner.java:290)
      	at org.junit.runners.ParentRunner$1.schedule(ParentRunner.java:71)
      	at org.junit.runners.ParentRunner.runChildren(ParentRunner.java:288)
      	at org.junit.runners.ParentRunner.access$000(ParentRunner.java:58)
      	at org.junit.runners.ParentRunner$2.evaluate(ParentRunner.java:268)
      	at org.junit.runners.ParentRunner.run(ParentRunner.java:363)
      	at cucumber.runtime.junit.ExamplesRunner.run(ExamplesRunner.java:59)
      	at org.junit.runners.Suite.runChild(Suite.java:128)
      	at org.junit.runners.Suite.runChild(Suite.java:27)
      	at org.junit.runners.ParentRunner$3.run(ParentRunner.java:290)
      	at org.junit.runners.ParentRunner$1.schedule(ParentRunner.java:71)
      	at org.junit.runners.ParentRunner.runChildren(ParentRunner.java:288)
      	at org.junit.runners.ParentRunner.access$000(ParentRunner.java:58)
      	at org.junit.runners.ParentRunner$2.evaluate(ParentRunner.java:268)
      	at org.junit.runners.ParentRunner.run(ParentRunner.java:363)
      	at cucumber.runtime.junit.ScenarioOutlineRunner.run(ScenarioOutlineRunner.java:53)
      	at cucumber.runtime.junit.FeatureRunner.runChild(FeatureRunner.java:63)
      	at cucumber.runtime.junit.FeatureRunner.runChild(FeatureRunner.java:18)
      	at org.junit.runners.ParentRunner$3.run(ParentRunner.java:290)
      	at org.junit.runners.ParentRunner$1.schedule(ParentRunner.java:71)
      	at org.junit.runners.ParentRunner.runChildren(ParentRunner.java:288)
      	at org.junit.runners.ParentRunner.access$000(ParentRunner.java:58)
      	at org.junit.runners.ParentRunner$2.evaluate(ParentRunner.java:268)
      	at org.junit.runners.ParentRunner.run(ParentRunner.java:363)
      	at cucumber.runtime.junit.FeatureRunner.run(FeatureRunner.java:70)
      	at cucumber.api.junit.Cucumber.runChild(Cucumber.java:95)
      	at cucumber.api.junit.Cucumber.runChild(Cucumber.java:38)
      	at org.junit.runners.ParentRunner$3.run(ParentRunner.java:290)
      	at org.junit.runners.ParentRunner$1.schedule(ParentRunner.java:71)
      	at org.junit.runners.ParentRunner.runChildren(ParentRunner.java:288)
      	at org.junit.runners.ParentRunner.access$000(ParentRunner.java:58)
      	at org.junit.runners.ParentRunner$2.evaluate(ParentRunner.java:268)
      	at org.junit.internal.runners.statements.RunBefores.evaluate(RunBefores.java:26)
      	at org.junit.runners.ParentRunner.run(ParentRunner.java:363)
      	at cucumber.api.junit.Cucumber.run(Cucumber.java:100)
      	at org.gradle.api.internal.tasks.testing.junit.JUnitTestClassExecuter.runTestClass(JUnitTestClassExecuter.java:114)
      	at org.gradle.api.internal.tasks.testing.junit.JUnitTestClassExecuter.execute(JUnitTestClassExecuter.java:57)
      	at org.gradle.api.internal.tasks.testing.junit.JUnitTestClassProcessor.processTestClass(JUnitTestClassProcessor.java:66)
      	at org.gradle.api.internal.tasks.testing.SuiteTestClassProcessor.processTestClass(SuiteTestClassProcessor.java:51)
      	at sun.reflect.NativeMethodAccessorImpl.invoke0(Native Method)
      	at sun.reflect.NativeMethodAccessorImpl.invoke(NativeMethodAccessorImpl.java:62)
      	at sun.reflect.DelegatingMethodAccessorImpl.invoke(DelegatingMethodAccessorImpl.java:43)
      	at java.lang.reflect.Method.invoke(Method.java:498)
      	at org.gradle.internal.dispatch.ReflectionDispatch.dispatch(ReflectionDispatch.java:35)
      	at org.gradle.internal.dispatch.ReflectionDispatch.dispatch(ReflectionDispatch.java:24)
      	at org.gradle.internal.dispatch.ContextClassLoaderDispatch.dispatch(ContextClassLoaderDispatch.java:32)
      	at org.gradle.internal.dispatch.ProxyDispatchAdapter$DispatchingInvocationHandler.invoke(ProxyDispatchAdapter.java:93)
      	at com.sun.proxy.$Proxy1.processTestClass(Unknown Source)
      	at org.gradle.api.internal.tasks.testing.worker.TestWorker.processTestClass(TestWorker.java:109)
      	at sun.reflect.NativeMethodAccessorImpl.invoke0(Native Method)
      	at sun.reflect.NativeMethodAccessorImpl.invoke(NativeMethodAccessorImpl.java:62)
      	at sun.reflect.DelegatingMethodAccessorImpl.invoke(DelegatingMethodAccessorImpl.java:43)
      	at java.lang.reflect.Method.invoke(Method.java:498)
      	at org.gradle.internal.dispatch.ReflectionDispatch.dispatch(ReflectionDispatch.java:35)
      	at org.gradle.internal.dispatch.ReflectionDispatch.dispatch(ReflectionDispatch.java:24)
      	at org.gradle.internal.remote.internal.hub.MessageHubBackedObjectConnection$DispatchWrapper.dispatch(MessageHubBackedObjectConnection.java:146)
      	at org.gradle.internal.remote.internal.hub.MessageHubBackedObjectConnection$DispatchWrapper.dispatch(MessageHubBackedObjectConnection.java:128)
      	at org.gradle.internal.remote.internal.hub.MessageHub$Handler.run(MessageHub.java:404)
      	at org.gradle.internal.concurrent.ExecutorPolicy$CatchAndRecordFailures.onExecute(ExecutorPolicy.java:63)
      	at org.gradle.internal.concurrent.ManagedExecutorImpl$1.run(ManagedExecutorImpl.java:46)
      	at java.util.concurrent.ThreadPoolExecutor.runWorker(ThreadPoolExecutor.java:1142)
      	at java.util.concurrent.ThreadPoolExecutor$Worker.run(ThreadPoolExecutor.java:617)
      	at org.gradle.internal.concurrent.ThreadFactoryImpl$ManagedThreadRunnable.run(ThreadFactoryImpl.java:55)
      	at java.lang.Thread.run(Thread.java:745)
      Caused by: org.openqa.selenium.NoSuchElementException: Cannot locate an element using By.chained({By.id: net.one97.paytm:id/w_custom_dialog_message})
      For documentation on this error, please visit: http://seleniumhq.org/exceptions/no_such_element.html
      Build info: version: '3.5.3', revision: 'a88d25fe6b', time: '2017-08-29T12:42:44.417Z'
      System info: host: 'MYNB244-6074Z72', ip: '169.254.30.55', os.name: 'Windows 7', os.arch: 'amd64', os.version: '6.1', java.version: '1.8.0_74'
      Driver info: driver.version: AndroidDriver
      	at io.appium.java_client.pagefactory.bys.builder.ByChained.findElement(ByChained.java:72)
      	at org.openqa.selenium.remote.RemoteWebDriver.findElement(RemoteWebDriver.java:408)
      	at io.appium.java_client.DefaultGenericMobileDriver.findElement(DefaultGenericMobileDriver.java:58)
      	at io.appium.java_client.AppiumDriver.findElement(AppiumDriver.java:1)
      	at io.appium.java_client.android.AndroidDriver.findElement(AndroidDriver.java:1)
      	at io.appium.java_client.pagefactory.bys.ContentMappedBy.findElement(ContentMappedBy.java:36)
      	at org.openqa.selenium.remote.RemoteWebDriver.findElement(RemoteWebDriver.java:408)
      	at io.appium.java_client.DefaultGenericMobileDriver.findElement(DefaultGenericMobileDriver.java:58)
      	at io.appium.java_client.AppiumDriver.findElement(AppiumDriver.java:1)
      	at io.appium.java_client.android.AndroidDriver.findElement(AndroidDriver.java:1)
      	at io.appium.java_client.pagefactory.AppiumElementLocator.lambda$0(AppiumElementLocator.java:113)
      	at io.appium.java_client.pagefactory.AppiumElementLocator$WaitingFunction.apply(AppiumElementLocator.java:167)
      	at io.appium.java_client.pagefactory.AppiumElementLocator$WaitingFunction.apply(AppiumElementLocator.java:1)
      	at org.openqa.selenium.support.ui.FluentWait.until(FluentWait.java:209)
      	... 86 more
      ?[0m
    ?[36mAnd ?[0m?[36muser click Ok button?[0m                                                       ?[90m# SignUp_stepdefs.should_click_OK_button()?[0m
[HTTP] --> POST /wd/hub/session/505dc4d9-7162-4cc6-baad-1fb5211c87e0/elements {"using":"xpath","value":"//*[@text='Here is your new Paytm Payments Bank']"}
[debug] [MJSONWP] Calling AppiumDriver.findElements() with args: ["xpath","//*[@text='Here is your new Paytm Payments Bank']","505dc4d9-7162-4cc6-baad-1fb5211c87e0"]
[debug] [BaseDriver] Valid locator strategies for this request: xpath, id, class name, accessibility id, -android uiautomator
[debug] [BaseDriver] Valid locator strategies for this request: xpath, id, class name, accessibility id, -android uiautomator
[debug] [BaseDriver] Waiting up to 10000 ms for condition
[debug] [AndroidBootstrap] Sending command to android: {"cmd":"action","action":"find","params":{"strategy":"xpath","selector":"//*[@text='Here is your new Paytm Payments Bank']","context":"","multiple":true}}
[debug] [AndroidBootstrap] [BOOTSTRAP LOG] [debug] Got data from client: {"cmd":"action","action":"find","params":{"strategy":"xpath","selector":"//*[@text='Here is your new Paytm Payments Bank']","context":"","multiple":true}}
[debug] [AndroidBootstrap] [BOOTSTRAP LOG] [debug] Got command of type ACTION
[debug] [AndroidBootstrap] [BOOTSTRAP LOG] [debug] Got command action: find
[debug] [AndroidBootstrap] [BOOTSTRAP LOG] [debug] Finding '//*[@text='Here is your new Paytm Payments Bank']' using 'XPATH' with the contextId: '' multiple: true
[debug] [AndroidBootstrap] [BOOTSTRAP LOG] [debug] Failed to locate element. Clearing Accessibility cache and retrying.
[debug] [AndroidBootstrap] [BOOTSTRAP LOG] [debug] Finding '//*[@text='Here is your new Paytm Payments Bank']' using 'XPATH' with the contextId: '' multiple: true
[debug] [AndroidBootstrap] [BOOTSTRAP LOG] [debug] Returning result: {"status":0,"value":[]}
[debug] [AndroidBootstrap] Received command result from bootstrap
[debug] [BaseDriver] Waited for 779 ms so far
[debug] [AndroidBootstrap] Sending command to android: {"cmd":"action","action":"find","params":{"strategy":"xpath","selector":"//*[@text='Here is your new Paytm Payments Bank']","context":"","multiple":true}}
[debug] [AndroidBootstrap] [BOOTSTRAP LOG] [debug] Got data from client: {"cmd":"action","action":"find","params":{"strategy":"xpath","selector":"//*[@text='Here is your new Paytm Payments Bank']","context":"","multiple":true}}
[debug] [AndroidBootstrap] [BOOTSTRAP LOG] [debug] Got command of type ACTION
[debug] [AndroidBootstrap] [BOOTSTRAP LOG] [debug] Got command action: find
[debug] [AndroidBootstrap] [BOOTSTRAP LOG] [debug] Finding '//*[@text='Here is your new Paytm Payments Bank']' using 'XPATH' with the contextId: '' multiple: true
[debug] [AndroidBootstrap] [BOOTSTRAP LOG] [debug] Failed to locate element. Clearing Accessibility cache and retrying.
[debug] [AndroidBootstrap] [BOOTSTRAP LOG] [debug] Finding '//*[@text='Here is your new Paytm Payments Bank']' using 'XPATH' with the contextId: '' multiple: true
[debug] [AndroidBootstrap] [BOOTSTRAP LOG] [debug] Using: UiSelector[CLASS=android.widget.TextView, INSTANCE=0]
[debug] [AndroidBootstrap] [BOOTSTRAP LOG] [debug] getElements selector:UiSelector[CLASS=android.widget.TextView, INSTANCE=0]
[debug] [AndroidBootstrap] [BOOTSTRAP LOG] [debug] Selector ends with instance.
[debug] [AndroidBootstrap] Received command result from bootstrap
[debug] [MJSONWP] Responding to client with driver.findElements() result: [{"ELEMENT":"1"}]
[HTTP] <-- POST /wd/hub/session/505dc4d9-7162-4cc6-baad-1fb5211c87e0/elements 200 2347 ms - 89 
[debug] [AndroidBootstrap] [BOOTSTRAP LOG] [debug] Returning result: {"status":0,"value":[{"ELEMENT":"1"}]}
]]></system-out>
  <system-err><![CDATA[Oct 07, 2017 2:22:53 PM org.openqa.selenium.remote.ProtocolHandshake createSession
INFO: Detected dialect: OSS
]]></system-err>
</testsuite>
